⏳ 正在透過 LocalTunnel 建立安全連線通道 (無須驗證防卡死)...

=============================================
🌍 內網穿透成功！您的全球公開 API 網址是：
➡️  https://wide-parks-find.loca.lt
=============================================

✅ 已成功將官網首頁按鈕直接連通至您的 Mac 隧道。
🚀 啟動 Chaobang 後端中樞神經...
📦 正在將最新網址同步推送到 Vercel 正式站，這可能需要 10 秒...
🎉 部署完成！您的正式產品已經上線。您可以直接點擊 Vercel 官網開始接客。
🚀 [Chaobang SaaS Node] 本機引擎就緒於 port 3000
node:events:486
      throw er; // Unhandled 'error' event
      ^

Error: connection refused: localtunnel.me:18187 (check your firewall settings)
    at Socket.<anonymous> (/Users/kent.c/.openclaw/workspace/KentKClaw-Studio/node_modules/localtunnel/lib/TunnelCluster.js:52:11)
    at Socket.emit (node:events:508:20)
    at emitErrorNT (node:internal/streams/destroy:170:8)
    at emitErrorCloseNT (node:internal/streams/destroy:129:3)
    at process.processTicksAndRejections (node:internal/process/task_queues:90:21)
Emitted 'error' event on Tunnel instance at:
    at TunnelCluster.<anonymous> (/Users/kent.c/.openclaw/workspace/KentKClaw-Studio/node_modules/localtunnel/lib/Tunnel.js:96:12)
    at TunnelCluster.emit (node:events:508:20)
    at Socket.<anonymous> (/Users/kent.c/.openclaw/workspace/KentKClaw-Studio/node_modules/localtunnel/lib/TunnelCluster.js:50:14)
    at Socket.emit (node:events:508:20)
    at emitErrorNT (node:internal/streams/destroy:170:8)
    at emitErrorCloseNT (node:internal/streams/destroy:129:3)
    at process.processTicksAndRejections (node:internal/process/task_queues:90:21)

Node.js v25.8.0
